[12-Jun-2022 20:05:07 UTC] PHP Fatal error:  Uncaught Ai1wm_Not_Accessible_Exception: Unable to open C:\home\site\wwwroot\wp-content\plugins\all-in-one-wp-migration-6.77\storage\error.log with mode a. <a href="https://help.servmask.com/knowledgebase/invalid-file-permissions/" target="_blank">Technical details</a> in C:\home\site\wwwroot\wp-content\plugins\all-in-one-wp-migration-6.77\functions.php:1140
Stack trace:
#0 C:\home\site\wwwroot\wp-content\plugins\all-in-one-wp-migration-6.77\lib\model\class-ai1wm-log.php(79): ai1wm_open()
#1 C:\home\site\wwwroot\wp-content\plugins\all-in-one-wp-migration-6.77\lib\model\class-ai1wm-handler.php(42): Ai1wm_Log::error()
#2 [internal function]: Ai1wm_Handler::error()
#3 C:\home\site\wwwroot\wp-content\plugins\all-in-one-wp-migration-6.77\functions.php(1138): fopen()
#4 C:\home\site\wwwroot\wp-content\plugins\all-in-one-wp-migration-6.77\lib\model\class-ai1wm-log.php(79): ai1wm_open()
#5 C:\home\site\wwwroot\wp-content\plugins\all-in-one-wp-migration-6.77\lib\model\class-ai1wm-handler.php(53): Ai1wm_Log::error()
#6 in C:\home\site\wwwroot\wp-content\plugins\all-in-one-wp-migration-6.77\functions.php on line 1140
[12-Jun-2022 20:05:16 UTC] PHP Fatal error:  Uncaught Ai1wm_Not_Accessible_Exception: Unable to open C:\home\site\wwwroot\wp-content\plugins\all-in-one-wp-migration-6.77\storage\error.log with mode a. <a href="https://help.servmask.com/knowledgebase/invalid-file-permissions/" target="_blank">Technical details</a> in C:\home\site\wwwroot\wp-content\plugins\all-in-one-wp-migration-6.77\functions.php:1140
Stack trace:
#0 C:\home\site\wwwroot\wp-content\plugins\all-in-one-wp-migration-6.77\lib\model\class-ai1wm-log.php(79): ai1wm_open()
#1 C:\home\site\wwwroot\wp-content\plugins\all-in-one-wp-migration-6.77\lib\model\class-ai1wm-handler.php(42): Ai1wm_Log::error()
#2 [internal function]: Ai1wm_Handler::error()
#3 C:\home\site\wwwroot\wp-content\plugins\all-in-one-wp-migration-6.77\functions.php(1138): fopen()
#4 C:\home\site\wwwroot\wp-content\plugins\all-in-one-wp-migration-6.77\lib\model\class-ai1wm-log.php(79): ai1wm_open()
#5 C:\home\site\wwwroot\wp-content\plugins\all-in-one-wp-migration-6.77\lib\model\class-ai1wm-handler.php(53): Ai1wm_Log::error()
#6 in C:\home\site\wwwroot\wp-content\plugins\all-in-one-wp-migration-6.77\functions.php on line 1140
[12-Jun-2022 20:05:25 UTC] PHP Fatal error:  Uncaught Ai1wm_Not_Accessible_Exception: Unable to open C:\home\site\wwwroot\wp-content\plugins\all-in-one-wp-migration-6.77\storage\error.log with mode a. <a href="https://help.servmask.com/knowledgebase/invalid-file-permissions/" target="_blank">Technical details</a> in C:\home\site\wwwroot\wp-content\plugins\all-in-one-wp-migration-6.77\functions.php:1140
Stack trace:
#0 C:\home\site\wwwroot\wp-content\plugins\all-in-one-wp-migration-6.77\lib\model\class-ai1wm-log.php(79): ai1wm_open()
#1 C:\home\site\wwwroot\wp-content\plugins\all-in-one-wp-migration-6.77\lib\model\class-ai1wm-handler.php(42): Ai1wm_Log::error()
#2 [internal function]: Ai1wm_Handler::error()
#3 C:\home\site\wwwroot\wp-content\plugins\all-in-one-wp-migration-6.77\functions.php(1138): fopen()
#4 C:\home\site\wwwroot\wp-content\plugins\all-in-one-wp-migration-6.77\lib\model\class-ai1wm-log.php(79): ai1wm_open()
#5 C:\home\site\wwwroot\wp-content\plugins\all-in-one-wp-migration-6.77\lib\model\class-ai1wm-handler.php(53): Ai1wm_Log::error()
#6 in C:\home\site\wwwroot\wp-content\plugins\all-in-one-wp-migration-6.77\functions.php on line 1140
[12-Jun-2022 20:05:34 UTC] PHP Fatal error:  Uncaught Ai1wm_Not_Accessible_Exception: Unable to open C:\home\site\wwwroot\wp-content\plugins\all-in-one-wp-migration-6.77\storage\error.log with mode a. <a href="https://help.servmask.com/knowledgebase/invalid-file-permissions/" target="_blank">Technical details</a> in C:\home\site\wwwroot\wp-content\plugins\all-in-one-wp-migration-6.77\functions.php:1140
Stack trace:
#0 C:\home\site\wwwroot\wp-content\plugins\all-in-one-wp-migration-6.77\lib\model\class-ai1wm-log.php(79): ai1wm_open()
#1 C:\home\site\wwwroot\wp-content\plugins\all-in-one-wp-migration-6.77\lib\model\class-ai1wm-handler.php(42): Ai1wm_Log::error()
#2 [internal function]: Ai1wm_Handler::error()
#3 C:\home\site\wwwroot\wp-content\plugins\all-in-one-wp-migration-6.77\functions.php(1138): fopen()
#4 C:\home\site\wwwroot\wp-content\plugins\all-in-one-wp-migration-6.77\lib\model\class-ai1wm-log.php(79): ai1wm_open()
#5 C:\home\site\wwwroot\wp-content\plugins\all-in-one-wp-migration-6.77\lib\model\class-ai1wm-handler.php(53): Ai1wm_Log::error()
#6 in C:\home\site\wwwroot\wp-content\plugins\all-in-one-wp-migration-6.77\functions.php on line 1140
[12-Jun-2022 20:05:47 UTC] PHP Fatal error:  Uncaught Ai1wm_Not_Accessible_Exception: Unable to open C:\home\site\wwwroot\wp-content\plugins\all-in-one-wp-migration-6.77\storage\error.log with mode a. <a href="https://help.servmask.com/knowledgebase/invalid-file-permissions/" target="_blank">Technical details</a> in C:\home\site\wwwroot\wp-content\plugins\all-in-one-wp-migration-6.77\functions.php:1140
Stack trace:
#0 C:\home\site\wwwroot\wp-content\plugins\all-in-one-wp-migration-6.77\lib\model\class-ai1wm-log.php(79): ai1wm_open()
#1 C:\home\site\wwwroot\wp-content\plugins\all-in-one-wp-migration-6.77\lib\model\class-ai1wm-handler.php(42): Ai1wm_Log::error()
#2 [internal function]: Ai1wm_Handler::error()
#3 C:\home\site\wwwroot\wp-content\plugins\all-in-one-wp-migration-6.77\functions.php(1138): fopen()
#4 C:\home\site\wwwroot\wp-content\plugins\all-in-one-wp-migration-6.77\lib\model\class-ai1wm-log.php(79): ai1wm_open()
#5 C:\home\site\wwwroot\wp-content\plugins\all-in-one-wp-migration-6.77\lib\model\class-ai1wm-handler.php(53): Ai1wm_Log::error()
#6 in C:\home\site\wwwroot\wp-content\plugins\all-in-one-wp-migration-6.77\functions.php on line 1140
[12-Jun-2022 20:05:58 UTC] PHP Fatal error:  Uncaught Ai1wm_Not_Accessible_Exception: Unable to open C:\home\site\wwwroot\wp-content\plugins\all-in-one-wp-migration-6.77\storage\error.log with mode a. <a href="https://help.servmask.com/knowledgebase/invalid-file-permissions/" target="_blank">Technical details</a> in C:\home\site\wwwroot\wp-content\plugins\all-in-one-wp-migration-6.77\functions.php:1140
Stack trace:
#0 C:\home\site\wwwroot\wp-content\plugins\all-in-one-wp-migration-6.77\lib\model\class-ai1wm-log.php(79): ai1wm_open()
#1 C:\home\site\wwwroot\wp-content\plugins\all-in-one-wp-migration-6.77\lib\model\class-ai1wm-handler.php(42): Ai1wm_Log::error()
#2 [internal function]: Ai1wm_Handler::error()
#3 C:\home\site\wwwroot\wp-content\plugins\all-in-one-wp-migration-6.77\functions.php(1138): fopen()
#4 C:\home\site\wwwroot\wp-content\plugins\all-in-one-wp-migration-6.77\lib\model\class-ai1wm-log.php(79): ai1wm_open()
#5 C:\home\site\wwwroot\wp-content\plugins\all-in-one-wp-migration-6.77\lib\model\class-ai1wm-handler.php(53): Ai1wm_Log::error()
#6 in C:\home\site\wwwroot\wp-content\plugins\all-in-one-wp-migration-6.77\functions.php on line 1140
[12-Jun-2022 20:06:11 UTC] PHP Fatal error:  Uncaught Ai1wm_Not_Accessible_Exception: Unable to open C:\home\site\wwwroot\wp-content\plugins\all-in-one-wp-migration-6.77\storage\error.log with mode a. <a href="https://help.servmask.com/knowledgebase/invalid-file-permissions/" target="_blank">Technical details</a> in C:\home\site\wwwroot\wp-content\plugins\all-in-one-wp-migration-6.77\functions.php:1140
Stack trace:
#0 C:\home\site\wwwroot\wp-content\plugins\all-in-one-wp-migration-6.77\lib\model\class-ai1wm-log.php(79): ai1wm_open()
#1 C:\home\site\wwwroot\wp-content\plugins\all-in-one-wp-migration-6.77\lib\model\class-ai1wm-handler.php(42): Ai1wm_Log::error()
#2 [internal function]: Ai1wm_Handler::error()
#3 C:\home\site\wwwroot\wp-content\plugins\all-in-one-wp-migration-6.77\functions.php(1138): fopen()
#4 C:\home\site\wwwroot\wp-content\plugins\all-in-one-wp-migration-6.77\lib\model\class-ai1wm-log.php(79): ai1wm_open()
#5 C:\home\site\wwwroot\wp-content\plugins\all-in-one-wp-migration-6.77\lib\model\class-ai1wm-handler.php(53): Ai1wm_Log::error()
#6 in C:\home\site\wwwroot\wp-content\plugins\all-in-one-wp-migration-6.77\functions.php on line 1140
[12-Jun-2022 20:06:27 UTC] PHP Fatal error:  Uncaught Ai1wm_Not_Accessible_Exception: Unable to open C:\home\site\wwwroot\wp-content\plugins\all-in-one-wp-migration-6.77\storage\error.log with mode a. <a href="https://help.servmask.com/knowledgebase/invalid-file-permissions/" target="_blank">Technical details</a> in C:\home\site\wwwroot\wp-content\plugins\all-in-one-wp-migration-6.77\functions.php:1140
Stack trace:
#0 C:\home\site\wwwroot\wp-content\plugins\all-in-one-wp-migration-6.77\lib\model\class-ai1wm-log.php(79): ai1wm_open()
#1 C:\home\site\wwwroot\wp-content\plugins\all-in-one-wp-migration-6.77\lib\model\class-ai1wm-handler.php(42): Ai1wm_Log::error()
#2 [internal function]: Ai1wm_Handler::error()
#3 C:\home\site\wwwroot\wp-content\plugins\all-in-one-wp-migration-6.77\functions.php(1138): fopen()
#4 C:\home\site\wwwroot\wp-content\plugins\all-in-one-wp-migration-6.77\lib\model\class-ai1wm-log.php(79): ai1wm_open()
#5 C:\home\site\wwwroot\wp-content\plugins\all-in-one-wp-migration-6.77\lib\model\class-ai1wm-handler.php(53): Ai1wm_Log::error()
#6 in C:\home\site\wwwroot\wp-content\plugins\all-in-one-wp-migration-6.77\functions.php on line 1140
[12-Jun-2022 20:06:44 UTC] PHP Fatal error:  Uncaught Ai1wm_Not_Accessible_Exception: Unable to open C:\home\site\wwwroot\wp-content\plugins\all-in-one-wp-migration-6.77\storage\error.log with mode a. <a href="https://help.servmask.com/knowledgebase/invalid-file-permissions/" target="_blank">Technical details</a> in C:\home\site\wwwroot\wp-content\plugins\all-in-one-wp-migration-6.77\functions.php:1140
Stack trace:
#0 C:\home\site\wwwroot\wp-content\plugins\all-in-one-wp-migration-6.77\lib\model\class-ai1wm-log.php(79): ai1wm_open()
#1 C:\home\site\wwwroot\wp-content\plugins\all-in-one-wp-migration-6.77\lib\model\class-ai1wm-handler.php(42): Ai1wm_Log::error()
#2 [internal function]: Ai1wm_Handler::error()
#3 C:\home\site\wwwroot\wp-content\plugins\all-in-one-wp-migration-6.77\functions.php(1138): fopen()
#4 C:\home\site\wwwroot\wp-content\plugins\all-in-one-wp-migration-6.77\lib\model\class-ai1wm-log.php(79): ai1wm_open()
#5 C:\home\site\wwwroot\wp-content\plugins\all-in-one-wp-migration-6.77\lib\model\class-ai1wm-handler.php(53): Ai1wm_Log::error()
#6 in C:\home\site\wwwroot\wp-content\plugins\all-in-one-wp-migration-6.77\functions.php on line 1140
[12-Jun-2022 20:06:59 UTC] PHP Fatal error:  Uncaught Ai1wm_Not_Accessible_Exception: Unable to open C:\home\site\wwwroot\wp-content\plugins\all-in-one-wp-migration-6.77\storage\error.log with mode a. <a href="https://help.servmask.com/knowledgebase/invalid-file-permissions/" target="_blank">Technical details</a> in C:\home\site\wwwroot\wp-content\plugins\all-in-one-wp-migration-6.77\functions.php:1140
Stack trace:
#0 C:\home\site\wwwroot\wp-content\plugins\all-in-one-wp-migration-6.77\lib\model\class-ai1wm-log.php(79): ai1wm_open()
#1 C:\home\site\wwwroot\wp-content\plugins\all-in-one-wp-migration-6.77\lib\model\class-ai1wm-handler.php(42): Ai1wm_Log::error()
#2 [internal function]: Ai1wm_Handler::error()
#3 C:\home\site\wwwroot\wp-content\plugins\all-in-one-wp-migration-6.77\functions.php(1138): fopen()
#4 C:\home\site\wwwroot\wp-content\plugins\all-in-one-wp-migration-6.77\lib\model\class-ai1wm-log.php(79): ai1wm_open()
#5 C:\home\site\wwwroot\wp-content\plugins\all-in-one-wp-migration-6.77\lib\model\class-ai1wm-handler.php(53): Ai1wm_Log::error()
#6 in C:\home\site\wwwroot\wp-content\plugins\all-in-one-wp-migration-6.77\functions.php on line 1140
[12-Jun-2022 20:07:15 UTC] PHP Fatal error:  Uncaught Ai1wm_Not_Accessible_Exception: Unable to open C:\home\site\wwwroot\wp-content\plugins\all-in-one-wp-migration-6.77\storage\error.log with mode a. <a href="https://help.servmask.com/knowledgebase/invalid-file-permissions/" target="_blank">Technical details</a> in C:\home\site\wwwroot\wp-content\plugins\all-in-one-wp-migration-6.77\functions.php:1140
Stack trace:
#0 C:\home\site\wwwroot\wp-content\plugins\all-in-one-wp-migration-6.77\lib\model\class-ai1wm-log.php(79): ai1wm_open()
#1 C:\home\site\wwwroot\wp-content\plugins\all-in-one-wp-migration-6.77\lib\model\class-ai1wm-handler.php(42): Ai1wm_Log::error()
#2 [internal function]: Ai1wm_Handler::error()
#3 C:\home\site\wwwroot\wp-content\plugins\all-in-one-wp-migration-6.77\functions.php(1138): fopen()
#4 C:\home\site\wwwroot\wp-content\plugins\all-in-one-wp-migration-6.77\lib\model\class-ai1wm-log.php(79): ai1wm_open()
#5 C:\home\site\wwwroot\wp-content\plugins\all-in-one-wp-migration-6.77\lib\model\class-ai1wm-handler.php(53): Ai1wm_Log::error()
#6 in C:\home\site\wwwroot\wp-content\plugins\all-in-one-wp-migration-6.77\functions.php on line 1140
[12-Jun-2022 20:12:30 UTC] PHP Fatal error:  Uncaught Ai1wm_Not_Accessible_Exception: Unable to open C:\home\site\wwwroot\wp-content\plugins\all-in-one-wp-migration-6.77\storage\error.log with mode a. <a href="https://help.servmask.com/knowledgebase/invalid-file-permissions/" target="_blank">Technical details</a> in C:\home\site\wwwroot\wp-content\plugins\all-in-one-wp-migration-6.77\functions.php:1140
Stack trace:
#0 C:\home\site\wwwroot\wp-content\plugins\all-in-one-wp-migration-6.77\lib\model\class-ai1wm-log.php(79): ai1wm_open()
#1 C:\home\site\wwwroot\wp-content\plugins\all-in-one-wp-migration-6.77\lib\model\class-ai1wm-handler.php(42): Ai1wm_Log::error()
#2 [internal function]: Ai1wm_Handler::error()
#3 C:\home\site\wwwroot\wp-content\plugins\all-in-one-wp-migration-6.77\functions.php(1138): fopen()
#4 C:\home\site\wwwroot\wp-content\plugins\all-in-one-wp-migration-6.77\lib\model\class-ai1wm-log.php(79): ai1wm_open()
#5 C:\home\site\wwwroot\wp-content\plugins\all-in-one-wp-migration-6.77\lib\model\class-ai1wm-handler.php(53): Ai1wm_Log::error()
#6 in C:\home\site\wwwroot\wp-content\plugins\all-in-one-wp-migration-6.77\functions.php on line 1140
[12-Jun-2022 20:12:36 UTC] PHP Fatal error:  Uncaught Ai1wm_Not_Accessible_Exception: Unable to open C:\home\site\wwwroot\wp-content\plugins\all-in-one-wp-migration-6.77\storage\error.log with mode a. <a href="https://help.servmask.com/knowledgebase/invalid-file-permissions/" target="_blank">Technical details</a> in C:\home\site\wwwroot\wp-content\plugins\all-in-one-wp-migration-6.77\functions.php:1140
Stack trace:
#0 C:\home\site\wwwroot\wp-content\plugins\all-in-one-wp-migration-6.77\lib\model\class-ai1wm-log.php(79): ai1wm_open()
#1 C:\home\site\wwwroot\wp-content\plugins\all-in-one-wp-migration-6.77\lib\model\class-ai1wm-handler.php(42): Ai1wm_Log::error()
#2 [internal function]: Ai1wm_Handler::error()
#3 C:\home\site\wwwroot\wp-content\plugins\all-in-one-wp-migration-6.77\functions.php(1138): fopen()
#4 C:\home\site\wwwroot\wp-content\plugins\all-in-one-wp-migration-6.77\lib\model\class-ai1wm-log.php(79): ai1wm_open()
#5 C:\home\site\wwwroot\wp-content\plugins\all-in-one-wp-migration-6.77\lib\model\class-ai1wm-handler.php(53): Ai1wm_Log::error()
#6 in C:\home\site\wwwroot\wp-content\plugins\all-in-one-wp-migration-6.77\functions.php on line 1140
[12-Jun-2022 20:12:43 UTC] PHP Fatal error:  Uncaught Ai1wm_Not_Accessible_Exception: Unable to open C:\home\site\wwwroot\wp-content\plugins\all-in-one-wp-migration-6.77\storage\error.log with mode a. <a href="https://help.servmask.com/knowledgebase/invalid-file-permissions/" target="_blank">Technical details</a> in C:\home\site\wwwroot\wp-content\plugins\all-in-one-wp-migration-6.77\functions.php:1140
Stack trace:
#0 C:\home\site\wwwroot\wp-content\plugins\all-in-one-wp-migration-6.77\lib\model\class-ai1wm-log.php(79): ai1wm_open()
#1 C:\home\site\wwwroot\wp-content\plugins\all-in-one-wp-migration-6.77\lib\model\class-ai1wm-handler.php(42): Ai1wm_Log::error()
#2 [internal function]: Ai1wm_Handler::error()
#3 C:\home\site\wwwroot\wp-content\plugins\all-in-one-wp-migration-6.77\functions.php(1138): fopen()
#4 C:\home\site\wwwroot\wp-content\plugins\all-in-one-wp-migration-6.77\lib\model\class-ai1wm-log.php(79): ai1wm_open()
#5 C:\home\site\wwwroot\wp-content\plugins\all-in-one-wp-migration-6.77\lib\model\class-ai1wm-handler.php(53): Ai1wm_Log::error()
#6 in C:\home\site\wwwroot\wp-content\plugins\all-in-one-wp-migration-6.77\functions.php on line 1140
[12-Jun-2022 20:12:51 UTC] PHP Fatal error:  Uncaught Ai1wm_Not_Accessible_Exception: Unable to open C:\home\site\wwwroot\wp-content\plugins\all-in-one-wp-migration-6.77\storage\error.log with mode a. <a href="https://help.servmask.com/knowledgebase/invalid-file-permissions/" target="_blank">Technical details</a> in C:\home\site\wwwroot\wp-content\plugins\all-in-one-wp-migration-6.77\functions.php:1140
Stack trace:
#0 C:\home\site\wwwroot\wp-content\plugins\all-in-one-wp-migration-6.77\lib\model\class-ai1wm-log.php(79): ai1wm_open()
#1 C:\home\site\wwwroot\wp-content\plugins\all-in-one-wp-migration-6.77\lib\model\class-ai1wm-handler.php(42): Ai1wm_Log::error()
#2 [internal function]: Ai1wm_Handler::error()
#3 C:\home\site\wwwroot\wp-content\plugins\all-in-one-wp-migration-6.77\functions.php(1138): fopen()
#4 C:\home\site\wwwroot\wp-content\plugins\all-in-one-wp-migration-6.77\lib\model\class-ai1wm-log.php(79): ai1wm_open()
#5 C:\home\site\wwwroot\wp-content\plugins\all-in-one-wp-migration-6.77\lib\model\class-ai1wm-handler.php(53): Ai1wm_Log::error()
#6 in C:\home\site\wwwroot\wp-content\plugins\all-in-one-wp-migration-6.77\functions.php on line 1140
[12-Jun-2022 20:13:00 UTC] PHP Fatal error:  Uncaught Ai1wm_Not_Accessible_Exception: Unable to open C:\home\site\wwwroot\wp-content\plugins\all-in-one-wp-migration-6.77\storage\error.log with mode a. <a href="https://help.servmask.com/knowledgebase/invalid-file-permissions/" target="_blank">Technical details</a> in C:\home\site\wwwroot\wp-content\plugins\all-in-one-wp-migration-6.77\functions.php:1140
Stack trace:
#0 C:\home\site\wwwroot\wp-content\plugins\all-in-one-wp-migration-6.77\lib\model\class-ai1wm-log.php(79): ai1wm_open()
#1 C:\home\site\wwwroot\wp-content\plugins\all-in-one-wp-migration-6.77\lib\model\class-ai1wm-handler.php(42): Ai1wm_Log::error()
#2 [internal function]: Ai1wm_Handler::error()
#3 C:\home\site\wwwroot\wp-content\plugins\all-in-one-wp-migration-6.77\functions.php(1138): fopen()
#4 C:\home\site\wwwroot\wp-content\plugins\all-in-one-wp-migration-6.77\lib\model\class-ai1wm-log.php(79): ai1wm_open()
#5 C:\home\site\wwwroot\wp-content\plugins\all-in-one-wp-migration-6.77\lib\model\class-ai1wm-handler.php(53): Ai1wm_Log::error()
#6 in C:\home\site\wwwroot\wp-content\plugins\all-in-one-wp-migration-6.77\functions.php on line 1140
[12-Jun-2022 20:13:10 UTC] PHP Fatal error:  Uncaught Ai1wm_Not_Accessible_Exception: Unable to open C:\home\site\wwwroot\wp-content\plugins\all-in-one-wp-migration-6.77\storage\error.log with mode a. <a href="https://help.servmask.com/knowledgebase/invalid-file-permissions/" target="_blank">Technical details</a> in C:\home\site\wwwroot\wp-content\plugins\all-in-one-wp-migration-6.77\functions.php:1140
Stack trace:
#0 C:\home\site\wwwroot\wp-content\plugins\all-in-one-wp-migration-6.77\lib\model\class-ai1wm-log.php(79): ai1wm_open()
#1 C:\home\site\wwwroot\wp-content\plugins\all-in-one-wp-migration-6.77\lib\model\class-ai1wm-handler.php(42): Ai1wm_Log::error()
#2 [internal function]: Ai1wm_Handler::error()
#3 C:\home\site\wwwroot\wp-content\plugins\all-in-one-wp-migration-6.77\functions.php(1138): fopen()
#4 C:\home\site\wwwroot\wp-content\plugins\all-in-one-wp-migration-6.77\lib\model\class-ai1wm-log.php(79): ai1wm_open()
#5 C:\home\site\wwwroot\wp-content\plugins\all-in-one-wp-migration-6.77\lib\model\class-ai1wm-handler.php(53): Ai1wm_Log::error()
#6 in C:\home\site\wwwroot\wp-content\plugins\all-in-one-wp-migration-6.77\functions.php on line 1140
[12-Jun-2022 20:13:21 UTC] PHP Fatal error:  Uncaught Ai1wm_Not_Accessible_Exception: Unable to open C:\home\site\wwwroot\wp-content\plugins\all-in-one-wp-migration-6.77\storage\error.log with mode a. <a href="https://help.servmask.com/knowledgebase/invalid-file-permissions/" target="_blank">Technical details</a> in C:\home\site\wwwroot\wp-content\plugins\all-in-one-wp-migration-6.77\functions.php:1140
Stack trace:
#0 C:\home\site\wwwroot\wp-content\plugins\all-in-one-wp-migration-6.77\lib\model\class-ai1wm-log.php(79): ai1wm_open()
#1 C:\home\site\wwwroot\wp-content\plugins\all-in-one-wp-migration-6.77\lib\model\class-ai1wm-handler.php(42): Ai1wm_Log::error()
#2 [internal function]: Ai1wm_Handler::error()
#3 C:\home\site\wwwroot\wp-content\plugins\all-in-one-wp-migration-6.77\functions.php(1138): fopen()
#4 C:\home\site\wwwroot\wp-content\plugins\all-in-one-wp-migration-6.77\lib\model\class-ai1wm-log.php(79): ai1wm_open()
#5 C:\home\site\wwwroot\wp-content\plugins\all-in-one-wp-migration-6.77\lib\model\class-ai1wm-handler.php(53): Ai1wm_Log::error()
#6 in C:\home\site\wwwroot\wp-content\plugins\all-in-one-wp-migration-6.77\functions.php on line 1140
[12-Jun-2022 20:13:33 UTC] PHP Fatal error:  Uncaught Ai1wm_Not_Accessible_Exception: Unable to open C:\home\site\wwwroot\wp-content\plugins\all-in-one-wp-migration-6.77\storage\error.log with mode a. <a href="https://help.servmask.com/knowledgebase/invalid-file-permissions/" target="_blank">Technical details</a> in C:\home\site\wwwroot\wp-content\plugins\all-in-one-wp-migration-6.77\functions.php:1140
Stack trace:
#0 C:\home\site\wwwroot\wp-content\plugins\all-in-one-wp-migration-6.77\lib\model\class-ai1wm-log.php(79): ai1wm_open()
#1 C:\home\site\wwwroot\wp-content\plugins\all-in-one-wp-migration-6.77\lib\model\class-ai1wm-handler.php(42): Ai1wm_Log::error()
#2 [internal function]: Ai1wm_Handler::error()
#3 C:\home\site\wwwroot\wp-content\plugins\all-in-one-wp-migration-6.77\functions.php(1138): fopen()
#4 C:\home\site\wwwroot\wp-content\plugins\all-in-one-wp-migration-6.77\lib\model\class-ai1wm-log.php(79): ai1wm_open()
#5 C:\home\site\wwwroot\wp-content\plugins\all-in-one-wp-migration-6.77\lib\model\class-ai1wm-handler.php(53): Ai1wm_Log::error()
#6 in C:\home\site\wwwroot\wp-content\plugins\all-in-one-wp-migration-6.77\functions.php on line 1140
[12-Jun-2022 20:14:14 UTC] PHP Fatal error:  Uncaught Ai1wm_Not_Accessible_Exception: Unable to open C:\home\site\wwwroot\wp-content\plugins\all-in-one-wp-migration-6.77\storage\error.log with mode a. <a href="https://help.servmask.com/knowledgebase/invalid-file-permissions/" target="_blank">Technical details</a> in C:\home\site\wwwroot\wp-content\plugins\all-in-one-wp-migration-6.77\functions.php:1140
Stack trace:
#0 C:\home\site\wwwroot\wp-content\plugins\all-in-one-wp-migration-6.77\lib\model\class-ai1wm-log.php(79): ai1wm_open()
#1 C:\home\site\wwwroot\wp-content\plugins\all-in-one-wp-migration-6.77\lib\model\class-ai1wm-handler.php(42): Ai1wm_Log::error()
#2 [internal function]: Ai1wm_Handler::error()
#3 C:\home\site\wwwroot\wp-content\plugins\all-in-one-wp-migration-6.77\functions.php(1138): fopen()
#4 C:\home\site\wwwroot\wp-content\plugins\all-in-one-wp-migration-6.77\lib\model\class-ai1wm-log.php(79): ai1wm_open()
#5 C:\home\site\wwwroot\wp-content\plugins\all-in-one-wp-migration-6.77\lib\model\class-ai1wm-handler.php(53): Ai1wm_Log::error()
#6 in C:\home\site\wwwroot\wp-content\plugins\all-in-one-wp-migration-6.77\functions.php on line 1140
[12-Jun-2022 20:14:20 UTC] PHP Fatal error:  Uncaught Ai1wm_Not_Accessible_Exception: Unable to open C:\home\site\wwwroot\wp-content\plugins\all-in-one-wp-migration-6.77\storage\error.log with mode a. <a href="https://help.servmask.com/knowledgebase/invalid-file-permissions/" target="_blank">Technical details</a> in C:\home\site\wwwroot\wp-content\plugins\all-in-one-wp-migration-6.77\functions.php:1140
Stack trace:
#0 C:\home\site\wwwroot\wp-content\plugins\all-in-one-wp-migration-6.77\lib\model\class-ai1wm-log.php(79): ai1wm_open()
#1 C:\home\site\wwwroot\wp-content\plugins\all-in-one-wp-migration-6.77\lib\model\class-ai1wm-handler.php(42): Ai1wm_Log::error()
#2 [internal function]: Ai1wm_Handler::error()
#3 C:\home\site\wwwroot\wp-content\plugins\all-in-one-wp-migration-6.77\functions.php(1138): fopen()
#4 C:\home\site\wwwroot\wp-content\plugins\all-in-one-wp-migration-6.77\lib\model\class-ai1wm-log.php(79): ai1wm_open()
#5 C:\home\site\wwwroot\wp-content\plugins\all-in-one-wp-migration-6.77\lib\model\class-ai1wm-handler.php(53): Ai1wm_Log::error()
#6 in C:\home\site\wwwroot\wp-content\plugins\all-in-one-wp-migration-6.77\functions.php on line 1140
[12-Jun-2022 20:16:48 UTC] PHP Fatal error:  Uncaught Ai1wm_Not_Accessible_Exception: Unable to open C:\home\site\wwwroot\wp-content\plugins\all-in-one-wp-migration-6.77\storage\error.log with mode a. <a href="https://help.servmask.com/knowledgebase/invalid-file-permissions/" target="_blank">Technical details</a> in C:\home\site\wwwroot\wp-content\plugins\all-in-one-wp-migration-6.77\functions.php:1140
Stack trace:
#0 C:\home\site\wwwroot\wp-content\plugins\all-in-one-wp-migration-6.77\lib\model\class-ai1wm-log.php(79): ai1wm_open()
#1 C:\home\site\wwwroot\wp-content\plugins\all-in-one-wp-migration-6.77\lib\model\class-ai1wm-handler.php(42): Ai1wm_Log::error()
#2 [internal function]: Ai1wm_Handler::error()
#3 C:\home\site\wwwroot\wp-content\plugins\all-in-one-wp-migration-6.77\functions.php(1138): fopen()
#4 C:\home\site\wwwroot\wp-content\plugins\all-in-one-wp-migration-6.77\lib\model\class-ai1wm-log.php(79): ai1wm_open()
#5 C:\home\site\wwwroot\wp-content\plugins\all-in-one-wp-migration-6.77\lib\model\class-ai1wm-handler.php(53): Ai1wm_Log::error()
#6 in C:\home\site\wwwroot\wp-content\plugins\all-in-one-wp-migration-6.77\functions.php on line 1140
[12-Jun-2022 20:16:55 UTC] PHP Fatal error:  Uncaught Ai1wm_Not_Accessible_Exception: Unable to open C:\home\site\wwwroot\wp-content\plugins\all-in-one-wp-migration-6.77\storage\error.log with mode a. <a href="https://help.servmask.com/knowledgebase/invalid-file-permissions/" target="_blank">Technical details</a> in C:\home\site\wwwroot\wp-content\plugins\all-in-one-wp-migration-6.77\functions.php:1140
Stack trace:
#0 C:\home\site\wwwroot\wp-content\plugins\all-in-one-wp-migration-6.77\lib\model\class-ai1wm-log.php(79): ai1wm_open()
#1 C:\home\site\wwwroot\wp-content\plugins\all-in-one-wp-migration-6.77\lib\model\class-ai1wm-handler.php(42): Ai1wm_Log::error()
#2 [internal function]: Ai1wm_Handler::error()
#3 C:\home\site\wwwroot\wp-content\plugins\all-in-one-wp-migration-6.77\functions.php(1138): fopen()
#4 C:\home\site\wwwroot\wp-content\plugins\all-in-one-wp-migration-6.77\lib\model\class-ai1wm-log.php(79): ai1wm_open()
#5 C:\home\site\wwwroot\wp-content\plugins\all-in-one-wp-migration-6.77\lib\model\class-ai1wm-handler.php(53): Ai1wm_Log::error()
#6 in C:\home\site\wwwroot\wp-content\plugins\all-in-one-wp-migration-6.77\functions.php on line 1140
[12-Jun-2022 20:17:03 UTC] PHP Fatal error:  Uncaught Ai1wm_Not_Accessible_Exception: Unable to open C:\home\site\wwwroot\wp-content\plugins\all-in-one-wp-migration-6.77\storage\error.log with mode a. <a href="https://help.servmask.com/knowledgebase/invalid-file-permissions/" target="_blank">Technical details</a> in C:\home\site\wwwroot\wp-content\plugins\all-in-one-wp-migration-6.77\functions.php:1140
Stack trace:
#0 C:\home\site\wwwroot\wp-content\plugins\all-in-one-wp-migration-6.77\lib\model\class-ai1wm-log.php(79): ai1wm_open()
#1 C:\home\site\wwwroot\wp-content\plugins\all-in-one-wp-migration-6.77\lib\model\class-ai1wm-handler.php(42): Ai1wm_Log::error()
#2 [internal function]: Ai1wm_Handler::error()
#3 C:\home\site\wwwroot\wp-content\plugins\all-in-one-wp-migration-6.77\functions.php(1138): fopen()
#4 C:\home\site\wwwroot\wp-content\plugins\all-in-one-wp-migration-6.77\lib\model\class-ai1wm-log.php(79): ai1wm_open()
#5 C:\home\site\wwwroot\wp-content\plugins\all-in-one-wp-migration-6.77\lib\model\class-ai1wm-handler.php(53): Ai1wm_Log::error()
#6 in C:\home\site\wwwroot\wp-content\plugins\all-in-one-wp-migration-6.77\functions.php on line 1140
[12-Jun-2022 20:17:12 UTC] PHP Fatal error:  Uncaught Ai1wm_Not_Accessible_Exception: Unable to open C:\home\site\wwwroot\wp-content\plugins\all-in-one-wp-migration-6.77\storage\error.log with mode a. <a href="https://help.servmask.com/knowledgebase/invalid-file-permissions/" target="_blank">Technical details</a> in C:\home\site\wwwroot\wp-content\plugins\all-in-one-wp-migration-6.77\functions.php:1140
Stack trace:
#0 C:\home\site\wwwroot\wp-content\plugins\all-in-one-wp-migration-6.77\lib\model\class-ai1wm-log.php(79): ai1wm_open()
#1 C:\home\site\wwwroot\wp-content\plugins\all-in-one-wp-migration-6.77\lib\model\class-ai1wm-handler.php(42): Ai1wm_Log::error()
#2 [internal function]: Ai1wm_Handler::error()
#3 C:\home\site\wwwroot\wp-content\plugins\all-in-one-wp-migration-6.77\functions.php(1138): fopen()
#4 C:\home\site\wwwroot\wp-content\plugins\all-in-one-wp-migration-6.77\lib\model\class-ai1wm-log.php(79): ai1wm_open()
#5 C:\home\site\wwwroot\wp-content\plugins\all-in-one-wp-migration-6.77\lib\model\class-ai1wm-handler.php(53): Ai1wm_Log::error()
#6 in C:\home\site\wwwroot\wp-content\plugins\all-in-one-wp-migration-6.77\functions.php on line 1140
[12-Jun-2022 20:17:22 UTC] PHP Fatal error:  Uncaught Ai1wm_Not_Accessible_Exception: Unable to open C:\home\site\wwwroot\wp-content\plugins\all-in-one-wp-migration-6.77\storage\error.log with mode a. <a href="https://help.servmask.com/knowledgebase/invalid-file-permissions/" target="_blank">Technical details</a> in C:\home\site\wwwroot\wp-content\plugins\all-in-one-wp-migration-6.77\functions.php:1140
Stack trace:
#0 C:\home\site\wwwroot\wp-content\plugins\all-in-one-wp-migration-6.77\lib\model\class-ai1wm-log.php(79): ai1wm_open()
#1 C:\home\site\wwwroot\wp-content\plugins\all-in-one-wp-migration-6.77\lib\model\class-ai1wm-handler.php(42): Ai1wm_Log::error()
#2 [internal function]: Ai1wm_Handler::error()
#3 C:\home\site\wwwroot\wp-content\plugins\all-in-one-wp-migration-6.77\functions.php(1138): fopen()
#4 C:\home\site\wwwroot\wp-content\plugins\all-in-one-wp-migration-6.77\lib\model\class-ai1wm-log.php(79): ai1wm_open()
#5 C:\home\site\wwwroot\wp-content\plugins\all-in-one-wp-migration-6.77\lib\model\class-ai1wm-handler.php(53): Ai1wm_Log::error()
#6 in C:\home\site\wwwroot\wp-content\plugins\all-in-one-wp-migration-6.77\functions.php on line 1140
[12-Jun-2022 20:17:33 UTC] PHP Fatal error:  Uncaught Ai1wm_Not_Accessible_Exception: Unable to open C:\home\site\wwwroot\wp-content\plugins\all-in-one-wp-migration-6.77\storage\error.log with mode a. <a href="https://help.servmask.com/knowledgebase/invalid-file-permissions/" target="_blank">Technical details</a> in C:\home\site\wwwroot\wp-content\plugins\all-in-one-wp-migration-6.77\functions.php:1140
Stack trace:
#0 C:\home\site\wwwroot\wp-content\plugins\all-in-one-wp-migration-6.77\lib\model\class-ai1wm-log.php(79): ai1wm_open()
#1 C:\home\site\wwwroot\wp-content\plugins\all-in-one-wp-migration-6.77\lib\model\class-ai1wm-handler.php(42): Ai1wm_Log::error()
#2 [internal function]: Ai1wm_Handler::error()
#3 C:\home\site\wwwroot\wp-content\plugins\all-in-one-wp-migration-6.77\functions.php(1138): fopen()
#4 C:\home\site\wwwroot\wp-content\plugins\all-in-one-wp-migration-6.77\lib\model\class-ai1wm-log.php(79): ai1wm_open()
#5 C:\home\site\wwwroot\wp-content\plugins\all-in-one-wp-migration-6.77\lib\model\class-ai1wm-handler.php(53): Ai1wm_Log::error()
#6 in C:\home\site\wwwroot\wp-content\plugins\all-in-one-wp-migration-6.77\functions.php on line 1140
[12-Jun-2022 20:17:45 UTC] PHP Fatal error:  Uncaught Ai1wm_Not_Accessible_Exception: Unable to open C:\home\site\wwwroot\wp-content\plugins\all-in-one-wp-migration-6.77\storage\error.log with mode a. <a href="https://help.servmask.com/knowledgebase/invalid-file-permissions/" target="_blank">Technical details</a> in C:\home\site\wwwroot\wp-content\plugins\all-in-one-wp-migration-6.77\functions.php:1140
Stack trace:
#0 C:\home\site\wwwroot\wp-content\plugins\all-in-one-wp-migration-6.77\lib\model\class-ai1wm-log.php(79): ai1wm_open()
#1 C:\home\site\wwwroot\wp-content\plugins\all-in-one-wp-migration-6.77\lib\model\class-ai1wm-handler.php(42): Ai1wm_Log::error()
#2 [internal function]: Ai1wm_Handler::error()
#3 C:\home\site\wwwroot\wp-content\plugins\all-in-one-wp-migration-6.77\functions.php(1138): fopen()
#4 C:\home\site\wwwroot\wp-content\plugins\all-in-one-wp-migration-6.77\lib\model\class-ai1wm-log.php(79): ai1wm_open()
#5 C:\home\site\wwwroot\wp-content\plugins\all-in-one-wp-migration-6.77\lib\model\class-ai1wm-handler.php(53): Ai1wm_Log::error()
#6 in C:\home\site\wwwroot\wp-content\plugins\all-in-one-wp-migration-6.77\functions.php on line 1140
[12-Jun-2022 20:17:58 UTC] PHP Fatal error:  Uncaught Ai1wm_Not_Accessible_Exception: Unable to open C:\home\site\wwwroot\wp-content\plugins\all-in-one-wp-migration-6.77\storage\error.log with mode a. <a href="https://help.servmask.com/knowledgebase/invalid-file-permissions/" target="_blank">Technical details</a> in C:\home\site\wwwroot\wp-content\plugins\all-in-one-wp-migration-6.77\functions.php:1140
Stack trace:
#0 C:\home\site\wwwroot\wp-content\plugins\all-in-one-wp-migration-6.77\lib\model\class-ai1wm-log.php(79): ai1wm_open()
#1 C:\home\site\wwwroot\wp-content\plugins\all-in-one-wp-migration-6.77\lib\model\class-ai1wm-handler.php(42): Ai1wm_Log::error()
#2 [internal function]: Ai1wm_Handler::error()
#3 C:\home\site\wwwroot\wp-content\plugins\all-in-one-wp-migration-6.77\functions.php(1138): fopen()
#4 C:\home\site\wwwroot\wp-content\plugins\all-in-one-wp-migration-6.77\lib\model\class-ai1wm-log.php(79): ai1wm_open()
#5 C:\home\site\wwwroot\wp-content\plugins\all-in-one-wp-migration-6.77\lib\model\class-ai1wm-handler.php(53): Ai1wm_Log::error()
#6 in C:\home\site\wwwroot\wp-content\plugins\all-in-one-wp-migration-6.77\functions.php on line 1140
[12-Jun-2022 20:18:11 UTC] PHP Fatal error:  Uncaught Ai1wm_Not_Accessible_Exception: Unable to open C:\home\site\wwwroot\wp-content\plugins\all-in-one-wp-migration-6.77\storage\error.log with mode a. <a href="https://help.servmask.com/knowledgebase/invalid-file-permissions/" target="_blank">Technical details</a> in C:\home\site\wwwroot\wp-content\plugins\all-in-one-wp-migration-6.77\functions.php:1140
Stack trace:
#0 C:\home\site\wwwroot\wp-content\plugins\all-in-one-wp-migration-6.77\lib\model\class-ai1wm-log.php(79): ai1wm_open()
#1 C:\home\site\wwwroot\wp-content\plugins\all-in-one-wp-migration-6.77\lib\model\class-ai1wm-handler.php(42): Ai1wm_Log::error()
#2 [internal function]: Ai1wm_Handler::error()
#3 C:\home\site\wwwroot\wp-content\plugins\all-in-one-wp-migration-6.77\functions.php(1138): fopen()
#4 C:\home\site\wwwroot\wp-content\plugins\all-in-one-wp-migration-6.77\lib\model\class-ai1wm-log.php(79): ai1wm_open()
#5 C:\home\site\wwwroot\wp-content\plugins\all-in-one-wp-migration-6.77\lib\model\class-ai1wm-handler.php(53): Ai1wm_Log::error()
#6 in C:\home\site\wwwroot\wp-content\plugins\all-in-one-wp-migration-6.77\functions.php on line 1140
[12-Jun-2022 20:18:26 UTC] PHP Fatal error:  Uncaught Ai1wm_Not_Accessible_Exception: Unable to open C:\home\site\wwwroot\wp-content\plugins\all-in-one-wp-migration-6.77\storage\error.log with mode a. <a href="https://help.servmask.com/knowledgebase/invalid-file-permissions/" target="_blank">Technical details</a> in C:\home\site\wwwroot\wp-content\plugins\all-in-one-wp-migration-6.77\functions.php:1140
Stack trace:
#0 C:\home\site\wwwroot\wp-content\plugins\all-in-one-wp-migration-6.77\lib\model\class-ai1wm-log.php(79): ai1wm_open()
#1 C:\home\site\wwwroot\wp-content\plugins\all-in-one-wp-migration-6.77\lib\model\class-ai1wm-handler.php(42): Ai1wm_Log::error()
#2 [internal function]: Ai1wm_Handler::error()
#3 C:\home\site\wwwroot\wp-content\plugins\all-in-one-wp-migration-6.77\functions.php(1138): fopen()
#4 C:\home\site\wwwroot\wp-content\plugins\all-in-one-wp-migration-6.77\lib\model\class-ai1wm-log.php(79): ai1wm_open()
#5 C:\home\site\wwwroot\wp-content\plugins\all-in-one-wp-migration-6.77\lib\model\class-ai1wm-handler.php(53): Ai1wm_Log::error()
#6 in C:\home\site\wwwroot\wp-content\plugins\all-in-one-wp-migration-6.77\functions.php on line 1140
[12-Jun-2022 20:18:42 UTC] PHP Fatal error:  Uncaught Ai1wm_Not_Accessible_Exception: Unable to open C:\home\site\wwwroot\wp-content\plugins\all-in-one-wp-migration-6.77\storage\error.log with mode a. <a href="https://help.servmask.com/knowledgebase/invalid-file-permissions/" target="_blank">Technical details</a> in C:\home\site\wwwroot\wp-content\plugins\all-in-one-wp-migration-6.77\functions.php:1140
Stack trace:
#0 C:\home\site\wwwroot\wp-content\plugins\all-in-one-wp-migration-6.77\lib\model\class-ai1wm-log.php(79): ai1wm_open()
#1 C:\home\site\wwwroot\wp-content\plugins\all-in-one-wp-migration-6.77\lib\model\class-ai1wm-handler.php(42): Ai1wm_Log::error()
#2 [internal function]: Ai1wm_Handler::error()
#3 C:\home\site\wwwroot\wp-content\plugins\all-in-one-wp-migration-6.77\functions.php(1138): fopen()
#4 C:\home\site\wwwroot\wp-content\plugins\all-in-one-wp-migration-6.77\lib\model\class-ai1wm-log.php(79): ai1wm_open()
#5 C:\home\site\wwwroot\wp-content\plugins\all-in-one-wp-migration-6.77\lib\model\class-ai1wm-handler.php(53): Ai1wm_Log::error()
#6 in C:\home\site\wwwroot\wp-content\plugins\all-in-one-wp-migration-6.77\functions.php on line 1140
[12-Jun-2022 20:18:59 UTC] PHP Fatal error:  Uncaught Ai1wm_Not_Accessible_Exception: Unable to open C:\home\site\wwwroot\wp-content\plugins\all-in-one-wp-migration-6.77\storage\error.log with mode a. <a href="https://help.servmask.com/knowledgebase/invalid-file-permissions/" target="_blank">Technical details</a> in C:\home\site\wwwroot\wp-content\plugins\all-in-one-wp-migration-6.77\functions.php:1140
Stack trace:
#0 C:\home\site\wwwroot\wp-content\plugins\all-in-one-wp-migration-6.77\lib\model\class-ai1wm-log.php(79): ai1wm_open()
#1 C:\home\site\wwwroot\wp-content\plugins\all-in-one-wp-migration-6.77\lib\model\class-ai1wm-handler.php(42): Ai1wm_Log::error()
#2 [internal function]: Ai1wm_Handler::error()
#3 C:\home\site\wwwroot\wp-content\plugins\all-in-one-wp-migration-6.77\functions.php(1138): fopen()
#4 C:\home\site\wwwroot\wp-content\plugins\all-in-one-wp-migration-6.77\lib\model\class-ai1wm-log.php(79): ai1wm_open()
#5 C:\home\site\wwwroot\wp-content\plugins\all-in-one-wp-migration-6.77\lib\model\class-ai1wm-handler.php(53): Ai1wm_Log::error()
#6 in C:\home\site\wwwroot\wp-content\plugins\all-in-one-wp-migration-6.77\functions.php on line 1140
[12-Jun-2022 20:19:16 UTC] PHP Fatal error:  Uncaught Ai1wm_Not_Accessible_Exception: Unable to open C:\home\site\wwwroot\wp-content\plugins\all-in-one-wp-migration-6.77\storage\error.log with mode a. <a href="https://help.servmask.com/knowledgebase/invalid-file-permissions/" target="_blank">Technical details</a> in C:\home\site\wwwroot\wp-content\plugins\all-in-one-wp-migration-6.77\functions.php:1140
Stack trace:
#0 C:\home\site\wwwroot\wp-content\plugins\all-in-one-wp-migration-6.77\lib\model\class-ai1wm-log.php(79): ai1wm_open()
#1 C:\home\site\wwwroot\wp-content\plugins\all-in-one-wp-migration-6.77\lib\model\class-ai1wm-handler.php(42): Ai1wm_Log::error()
#2 [internal function]: Ai1wm_Handler::error()
#3 C:\home\site\wwwroot\wp-content\plugins\all-in-one-wp-migration-6.77\functions.php(1138): fopen()
#4 C:\home\site\wwwroot\wp-content\plugins\all-in-one-wp-migration-6.77\lib\model\class-ai1wm-log.php(79): ai1wm_open()
#5 C:\home\site\wwwroot\wp-content\plugins\all-in-one-wp-migration-6.77\lib\model\class-ai1wm-handler.php(53): Ai1wm_Log::error()
#6 in C:\home\site\wwwroot\wp-content\plugins\all-in-one-wp-migration-6.77\functions.php on line 1140
[12-Jun-2022 20:19:35 UTC] PHP Fatal error:  Uncaught Ai1wm_Not_Accessible_Exception: Unable to open C:\home\site\wwwroot\wp-content\plugins\all-in-one-wp-migration-6.77\storage\error.log with mode a. <a href="https://help.servmask.com/knowledgebase/invalid-file-permissions/" target="_blank">Technical details</a> in C:\home\site\wwwroot\wp-content\plugins\all-in-one-wp-migration-6.77\functions.php:1140
Stack trace:
#0 C:\home\site\wwwroot\wp-content\plugins\all-in-one-wp-migration-6.77\lib\model\class-ai1wm-log.php(79): ai1wm_open()
#1 C:\home\site\wwwroot\wp-content\plugins\all-in-one-wp-migration-6.77\lib\model\class-ai1wm-handler.php(42): Ai1wm_Log::error()
#2 [internal function]: Ai1wm_Handler::error()
#3 C:\home\site\wwwroot\wp-content\plugins\all-in-one-wp-migration-6.77\functions.php(1138): fopen()
#4 C:\home\site\wwwroot\wp-content\plugins\all-in-one-wp-migration-6.77\lib\model\class-ai1wm-log.php(79): ai1wm_open()
#5 C:\home\site\wwwroot\wp-content\plugins\all-in-one-wp-migration-6.77\lib\model\class-ai1wm-handler.php(53): Ai1wm_Log::error()
#6 in C:\home\site\wwwroot\wp-content\plugins\all-in-one-wp-migration-6.77\functions.php on line 1140
[12-Jun-2022 20:19:55 UTC] PHP Fatal error:  Uncaught Ai1wm_Not_Accessible_Exception: Unable to open C:\home\site\wwwroot\wp-content\plugins\all-in-one-wp-migration-6.77\storage\error.log with mode a. <a href="https://help.servmask.com/knowledgebase/invalid-file-permissions/" target="_blank">Technical details</a> in C:\home\site\wwwroot\wp-content\plugins\all-in-one-wp-migration-6.77\functions.php:1140
Stack trace:
#0 C:\home\site\wwwroot\wp-content\plugins\all-in-one-wp-migration-6.77\lib\model\class-ai1wm-log.php(79): ai1wm_open()
#1 C:\home\site\wwwroot\wp-content\plugins\all-in-one-wp-migration-6.77\lib\model\class-ai1wm-handler.php(42): Ai1wm_Log::error()
#2 [internal function]: Ai1wm_Handler::error()
#3 C:\home\site\wwwroot\wp-content\plugins\all-in-one-wp-migration-6.77\functions.php(1138): fopen()
#4 C:\home\site\wwwroot\wp-content\plugins\all-in-one-wp-migration-6.77\lib\model\class-ai1wm-log.php(79): ai1wm_open()
#5 C:\home\site\wwwroot\wp-content\plugins\all-in-one-wp-migration-6.77\lib\model\class-ai1wm-handler.php(53): Ai1wm_Log::error()
#6 in C:\home\site\wwwroot\wp-content\plugins\all-in-one-wp-migration-6.77\functions.php on line 1140
